3 1
3 1
3 2
2 1
1 1
1 2
1 3
4 1
4 2
4 1
2 1
2 2
2 3
2 4
2 1
2 2
2 1
1 1
1 2
1 3
3 1
4 1
4 2
4 3
4 1
4 4
4 2
4 3
4 5
4 1
4 2
2 1
2 2
2 1
2 2
3 1
1 1
1 2
1 3
4 1
4 2
4 3
4 4
4 5
4 1
4 2
4 3
2 1
3 1
1 1
1 2
1 3
1 4
1 1
2 1
2 2
2 3
4 1
4 2
4 3
4 1
4 2
4 3
3 1
3 2
3 3
3 4
3 5
3 1
1 1
1 2
4 1
4 2
4 3
2 1
2 2
2 3
3 1
4 1
4 2
3 1
1 1
2 1
2 2
2 1
3 1
1 1
1 2
4 1
3 1
1 1
1 1
3 1
2 1
4 1
4 2
1 1
1 2
3 1
2 1
2 2
1 1
1 2
4 1
3 1
3 2
1 1
1 2
3 1
3 1
4 1
4 2
3 1
3 2
2 1
2 2
2 3
2 4
2 5
1 1
1 2
1 3
1 4
1 5
1 1
1 2
4 1
3 1
3 2
4 1
2 1
4 1
4 2
4 3
4 4
1 1
4 1
2 1
2 1
4 1
4 2
4 1
4 3
3 1
3 2
3 3
3 4
1 1
1 2
1 3
1 4
1 5
1 1
2 1
2 2
4 1
4 2
3 1
3 2
2 1
4 1
1 1
3 1
3 2
2 1
2 2
2 1
1 1
1 2
4 1
1 1
2 1
2 2
2 3
2 1
3 1
3 2
3 3
1 1
1 2
4 1
3 1
1 1
3 1
3 1
3 1
1 1
1 2
1 3
1 4
1 1
1 2
4 1
2 1
3 1
3 2
3 3
3 1
3 4
3 2
1 1
1 2
1 3
1 1
1 4
2 1
4 1
3 1
3 2
3 3
3 4
2 1
4 1
3 1
3 2
4 1
2 1
4 1
2 1
2 2
3 1
4 1
4 2
4 3
4 4
1 1
1 2
1 3
3 1
3 2
4 1
4 2
4 3
4 4
4 1
4 2
4 1
1 1
3 1
3 2
3 1
2 1
2 2
2 3
1 1
1 2
1 3
1 4
1 5
1 1
4 1
4 2
4 3
4 1
4 2
3 1
3 2
3 3
3 4
3 5
3 6
3 7
3 1
3 2
3 3
2 1
2 2
2 3
2 4
2 5
2 6
2 7
2 8
2 9
2 10
2 11
2 12
2 1
1 1
1 2
1 3
1 4
1 5
1 6
1 7
1 8
1 9
1 1
1 2
1 3
1 4
4 1
4 2
4 3
4 4
4 5
4 6
4 7
4 8
4 9
4 10
3 1
3 2
3 3
3 4
3 5
3 6
3 7
3 8
3 9
3 1
3 2
2 1
2 2
2 3
2 4
2 5
2 6
2 7
2 8
2 9
2 10
2 11
2 1
1 1
1 2
1 3
1 4
1 5
1 1
1 2
4 1
4 2
4 3
4 4
4 5
4 6
4 7
4 1
3 1
3 2
3 3
3 4
3 1
3 5
3 6
2 1
2 2
2 3
2 4
2 5
2 6
2 7
2 8
2 9
2 1
2 2
2 3
2 4
2 1
1 1
1 2
1 3
1 4
1 5
1 6
1 7
1 8
1 9
1 10
1 11
1 12
1 13
1 14
1 1
1 2
1 1
4 1
4 2
4 3
4 4
4 5
4 6
4 7
4 8
4 9
4 10
4 11
4 12
4 13
4 1
4 2
4 3
3 1
3 2
3 3
3 4
3 5
3 6
3 1
3 7
3 2
3 3
3 4
3 5
3 1
3 2
3 3
3 6
3 7
2 1
2 2
2 3
2 4
2 5
2 6
2 7
2 8
2 9
2 10
2 11
2 12
2 13
2 14
2 15
2 16
2 17
2 18
2 19
2 20
2 21
2 22
2 23
2 1
2 2
2 3
2 4
2 5
1 1
1 2
1 3
1 4
1 5
1 6
1 7
1 8
1 9
1 10
1 11
1 12
1 13
1 14
1 15
1 16
1 17
1 1
1 2
1 18
1 3
1 4
1 5
1 6
1 1
4 1
4 2
4 3
4 4
4 5
4 6
4 7
4 8
4 9
4 10
4 11
4 12
4 13
4 14
4 15
4 16
4 17
4 18