XVV
V1V
VVV

X10
110
000

XXVVX
VVVXV
VX211
VV100

XX2VX
VVVXV
VXVVV
VVVVV

X1000000000
V2111111121
VVXVVXVVXVX
VVVXVVVVVVV
VVVVVVVVXVV
XVVVVXVVVVV
VXVVVXVVXVX
VVXXVVVVVVX
VVVVVVVVVVV
VVVVVVVVVVV
VXVVXVXXXVV
VVVVVVVVVVV
VVVVVVVVVVV

XVVVVVVVVVV
VVVVVVVVVVV
VVXVVXVVXVX
VVVXVV1VVVV
VVVVVVVVXVV
XVVVVXVVVVV
VXVVVXVVXVX
VVXXVVVVVVX
VVVVVVVVVVV
VVVVVVVVVVV
VXVVXVXXXVV
VVVVVVVVVVV
VVVVVVVVVVV

XVVVVVVVVVV
VVVVVVVVVVV
VVXVVXVVXVX
VVVXVVVVVVV
VVVVVVVVXVV
XVVVVXVVVVV
VXVVVXVVXVX
VVXX211113X
VVVV100001V
VVVV122321V
VXVVXVXXXVV
VVVVVVVVVVV
VVVVVVVVVVV
